build/intermediates/manifest_merge_blame_file/debug/manifest-merger-blame-debug-report.txt
1<?xml version="1.0" encoding="utf-8"?>
2<manifest xmlns:android="http://schemas.android.com/apk/res/android"
3    package="com.worldtech.appupdateversion"
4    android:versionCode="1"
5    android:versionName="1.0" >
6
7    <uses-sdk
8        android:minSdkVersion="21"
8-->src\main\AndroidManifest.xml
9        android:targetSdkVersion="29" />
9-->src\main\AndroidManifest.xml
10
11    <uses-permission android:name="android.permission.ACCESS_WIFI_STATE" />
11-->src\main\AndroidManifest.xml:6:5-76
11-->src\main\AndroidManifest.xml:6:22-73
12    <uses-permission android:name="android.permission.INTERNET" />
12-->src\main\AndroidManifest.xml:7:5-67
12-->src\main\AndroidManifest.xml:7:22-64
13    <uses-permission android:name="android.permission.ACCESS_NETWORK_STATE" />
13-->src\main\AndroidManifest.xml:8:5-79
13-->src\main\AndroidManifest.xml:8:22-76
14    <!-- 从SDCard读取数据权限 -->
15    <uses-permission android:name="android.permission.READ_EXTERNAL_STORAGE" />
15-->src\main\AndroidManifest.xml:10:5-80
15-->src\main\AndroidManifest.xml:10:22-77
16    <uses-permission android:name="android.permission.READ_PHONE_STATE" />
16-->src\main\AndroidManifest.xml:11:5-75
16-->src\main\AndroidManifest.xml:11:22-72
17    <!-- 往SDCard写入数据权限 -->
18    <uses-permission android:name="android.permission.WRITE_EXTERNAL_STORAGE" />
18-->src\main\AndroidManifest.xml:13:5-81
18-->src\main\AndroidManifest.xml:13:22-78
19    <uses-permission android:name="android.permission.VIBRATE" />
19-->src\main\AndroidManifest.xml:14:5-66
19-->src\main\AndroidManifest.xml:14:22-63
20    <uses-permission android:name="android.permission.CAMERA" />
20-->src\main\AndroidManifest.xml:15:5-65
20-->src\main\AndroidManifest.xml:15:22-62
21    <!-- 在SDCard中创建与删除文件权限 -->
22    <uses-permission android:name="android.permission.MOUNT_UNMOUNT_FILESYSTEMS" />
22-->src\main\AndroidManifest.xml:17:5-19:47
22-->src\main\AndroidManifest.xml:18:9-68
23    <!-- 8.0安装需要的权限 -->
24    <uses-permission android:name="android.permission.REQUEST_INSTALL_PACKAGES" />
24-->src\main\AndroidManifest.xml:21:5-83
24-->src\main\AndroidManifest.xml:21:22-80
25
26    <application
26-->src\main\AndroidManifest.xml:24:5-38:19
27        android:allowBackup="true"
27-->src\main\AndroidManifest.xml:25:9-35
28        android:appComponentFactory="androidx.core.app.CoreComponentFactory"
28-->[androidx.core:core:1.1.0] AndroidManifest.xml:24:18-86
29        android:debuggable="true"
30        android:icon="@mipmap/ic_launcher"
30-->src\main\AndroidManifest.xml:26:9-43
31        android:label="@string/app_name"
31-->src\main\AndroidManifest.xml:27:9-41
32        android:roundIcon="@mipmap/ic_launcher_round"
32-->src\main\AndroidManifest.xml:28:9-54
33        android:supportsRtl="true"
33-->src\main\AndroidManifest.xml:29:9-35
34        android:testOnly="true"
35        android:theme="@style/AppTheme" >
35-->src\main\AndroidManifest.xml:30:9-40
36        <activity android:name="com.worldtech.appupdateversion.MainActivity" >
36-->src\main\AndroidManifest.xml:31:9-37:20
36-->src\main\AndroidManifest.xml:31:19-47
37            <intent-filter>
37-->src\main\AndroidManifest.xml:32:13-36:29
38                <action android:name="android.intent.action.MAIN" />
38-->src\main\AndroidManifest.xml:33:17-69
38-->src\main\AndroidManifest.xml:33:25-66
39
40                <category android:name="android.intent.category.LAUNCHER" />
40-->src\main\AndroidManifest.xml:35:17-77
40-->src\main\AndroidManifest.xml:35:27-74
41            </intent-filter>
42        </activity>
43    </application>
44
45</manifest>